This file contains any messages produced by compilers while
running configure, to aid debugging if configure makes a mistake.

It was created by jobs_infinity configure 0.1, which was
generated by GNU Autoconf 2.69.  Invocation command line was

  $ ./configure 

## --------- ##
## Platform. ##
## --------- ##

hostname = denis-Inspiron-15-3567
uname -m = x86_64
uname -r = 5.11.0-37-generic
uname -s = Linux
uname -v = #41~20.04.2-Ubuntu SMP Fri Sep 24 09:06:38 UTC 2021

/usr/bin/uname -p = x86_64
/bin/uname -X     = unknown

/bin/arch              = x86_64
/usr/bin/arch -k       = unknown
/usr/convex/getsysinfo = unknown
/usr/bin/hostinfo      = unknown
/bin/machine           = unknown
/usr/bin/oslevel       = unknown
/bin/universe          = unknown

PATH: /usr/local/sbin
PATH: /usr/local/bin
PATH: /usr/sbin
PATH: /usr/bin
PATH: /sbin
PATH: /bin
PATH: /usr/games
PATH: /usr/local/games
PATH: /snap/bin


## ----------- ##
## Core tests. ##
## ----------- ##

configure:2178: checking for a BSD-compatible install
configure:2246: result: /usr/bin/install -c
configure:2257: checking whether build environment is sane
configure:2312: result: yes
configure:2461: checking for a thread-safe mkdir -p
configure:2500: result: /usr/bin/mkdir -p
configure:2507: checking for gawk
configure:2537: result: no
configure:2507: checking for mawk
configure:2523: found /usr/bin/mawk
configure:2534: result: mawk
configure:2545: checking whether make sets $(MAKE)
configure:2567: result: yes
configure:2596: checking whether make supports nested variables
configure:2613: result: yes
configure:2751: checking whether make supports nested variables
configure:2768: result: yes
configure:2809: checking build system type
configure:2823: result: x86_64-pc-linux-gnu
configure:2843: checking host system type
configure:2856: result: x86_64-pc-linux-gnu
configure:2897: checking how to print strings
configure:2924: result: printf
configure:2949: checking whether make supports the include directive
configure:2964: make -f confmf.GNU && cat confinc.out
this is the am__doit target
configure:2967: $? = 0
configure:2986: result: yes (GNU style)
configure:3056: checking for gcc
configure:3072: found /usr/bin/gcc
configure:3083: result: gcc
configure:3312: checking for C compiler version
configure:3321: gcc --version >&5
gcc (Ubuntu 9.3.0-17ubuntu1~20.04) 9.3.0
Copyright (C) 2019 Free Software Foundation, Inc.
This is free software; see the source for copying conditions.  There is NO
warranty; not even for MERCHANTABILITY or FITNESS FOR A PARTICULAR PURPOSE.

configure:3332: $? = 0
configure:3321: gcc -v >&5
Using built-in specs.
COLLECT_GCC=gcc
COLLECT_LTO_WRAPPER=/usr/lib/gcc/x86_64-linux-gnu/9/lto-wrapper
OFFLOAD_TARGET_NAMES=nvptx-none:hsa
OFFLOAD_TARGET_DEFAULT=1
Target: x86_64-linux-gnu
Configured with: ../src/configure -v --with-pkgversion='Ubuntu 9.3.0-17ubuntu1~20.04' --with-bugurl=file:///usr/share/doc/gcc-9/README.Bugs --enable-languages=c,ada,c++,go,brig,d,fortran,objc,obj-c++,gm2 --prefix=/usr --with-gcc-major-version-only --program-suffix=-9 --program-prefix=x86_64-linux-gnu- --enable-shared --enable-linker-build-id --libexecdir=/usr/lib --without-included-gettext --enable-threads=posix --libdir=/usr/lib --enable-nls --enable-clocale=gnu --enable-libstdcxx-debug --enable-libstdcxx-time=yes --with-default-libstdcxx-abi=new --enable-gnu-unique-object --disable-vtable-verify --enable-plugin --enable-default-pie --with-system-zlib --with-target-system-zlib=auto --enable-objc-gc=auto --enable-multiarch --disable-werror --with-arch-32=i686 --with-abi=m64 --with-multilib-list=m32,m64,mx32 --enable-multilib --with-tune=generic --enable-offload-targets=nvptx-none=/build/gcc-9-HskZEa/gcc-9-9.3.0/debian/tmp-nvptx/usr,hsa --without-cuda-driver --enable-checking=release --build=x86_64-linux-gnu --host=x86_64-linux-gnu --target=x86_64-linux-gnu
Thread model: posix
gcc version 9.3.0 (Ubuntu 9.3.0-17ubuntu1~20.04) 
configure:3332: $? = 0
configure:3321: gcc -V >&5
gcc: error: unrecognized command line option '-V'
gcc: fatal error: no input files
compilation terminated.
configure:3332: $? = 1
configure:3321: gcc -qversion >&5
gcc: error: unrecognized command line option '-qversion'; did you mean '--version'?
gcc: fatal error: no input files
compilation terminated.
configure:3332: $? = 1
configure:3352: checking whether the C compiler works
configure:3374: gcc    conftest.c  >&5
configure:3378: $? = 0
configure:3426: result: yes
configure:3429: checking for C compiler default output file name
configure:3431: result: a.out
configure:3437: checking for suffix of executables
configure:3444: gcc -o conftest    conftest.c  >&5
configure:3448: $? = 0
configure:3470: result: 
configure:3492: checking whether we are cross compiling
configure:3500: gcc -o conftest    conftest.c  >&5
configure:3504: $? = 0
configure:3511: ./conftest
configure:3515: $? = 0
configure:3503: result: no
configure:3508: checking for suffix of object files
configure:3530: gcc -c   conftest.c >&5
configure:3534: $? = 0
configure:3555: result: o
configure:3559: checking whether we are using the GNU C compiler
configure:3578: gcc -c   conftest.c >&5
configure:3578: $? = 0
configure:3587: result: yes
configure:3596: checking whether gcc accepts -g
configure:3616: gcc -c -g  conftest.c >&5
configure:3616: $? = 0
configure:3657: result: yes
configure:3674: checking for gcc option to accept ISO C89
configure:3737: gcc  -c -g -O2  conftest.c >&5
configure:3737: $? = 0
configure:3750: result: none needed
configure:3775: checking whether gcc understands -c and -o together
configure:3797: gcc -c conftest.c -o conftest2.o
configure:3800: $? = 0
configure:3797: gcc -c conftest.c -o conftest2.o
configure:3800: $? = 0
configure:3812: result: yes
configure:3831: checking dependency style of gcc
configure:3942: result: none
configure:3957: checking for a sed that does not truncate output
configure:4021: result: /usr/bin/sed
configure:4039: checking for grep that handles long lines and -e
configure:4097: result: /usr/bin/grep
configure:4102: checking for egrep
configure:4164: result: /usr/bin/grep -E
configure:4169: checking for fgrep
configure:4231: result: /usr/bin/grep -F
configure:4266: checking for ld used by gcc
configure:4333: result: /usr/bin/ld
configure:4340: checking if the linker (/usr/bin/ld) is GNU ld
configure:4355: result: yes
configure:4367: checking for BSD- or MS-compatible name lister (nm)
configure:4421: result: /usr/bin/nm -B
configure:4551: checking the name lister (/usr/bin/nm -B) interface
configure:4558: gcc -c -g -O2  conftest.c >&5
configure:4561: /usr/bin/nm -B "conftest.o"
configure:4564: output
0000000000000000 B some_variable
configure:4565: result: BSD nm
configure:4568: checking whether ln -s works
configure:4572: result: yes
configure:4580: checking the maximum length of command line arguments
configure:4711: result: 1572864
configure:4759: checking how to convert x86_64-pc-linux-gnu file names to x86_64-pc-linux-gnu format
configure:4799: result: func_convert_file_noop
configure:4806: checking how to convert x86_64-pc-linux-gnu file names to toolchain format
configure:4826: result: func_convert_file_noop
configure:4833: checking for /usr/bin/ld option to reload object files
configure:4840: result: -r
configure:4914: checking for objdump
configure:4930: found /usr/bin/objdump
configure:4941: result: objdump
configure:4973: checking how to recognize dependent libraries
configure:5173: result: pass_all
configure:5258: checking for dlltool
configure:5288: result: no
configure:5318: checking how to associate runtime and link libraries
configure:5345: result: printf %s\n
configure:5406: checking for ar
configure:5422: found /usr/bin/ar
configure:5433: result: ar
configure:5470: checking for archiver @FILE support
configure:5487: gcc -c -g -O2  conftest.c >&5
configure:5487: $? = 0
configure:5490: ar cr libconftest.a @conftest.lst >&5
configure:5493: $? = 0
configure:5498: ar cr libconftest.a @conftest.lst >&5
ar: conftest.o: No such file or directory
configure:5501: $? = 1
configure:5500: result: @
configure:5558: checking for strip
configure:5574: found /usr/bin/strip
configure:5585: result: strip
configure:5657: checking for ranlib
configure:5673: found /usr/bin/ranlib
configure:5684: result: ranlib
configure:5786: checking command to parse /usr/bin/nm -B output from gcc object
configure:5939: gcc -c -g -O2  conftest.c >&5
configure:5942: $? = 0
configure:5946: /usr/bin/nm -B conftest.o | sed -n -e 's/^.*[	 ]\([ABCDGIRSTW][ABCDGIRSTW]*\)[	 ][	 ]*\([_A-Za-z][_A-Za-z0-9]*\)$/\1 \2 \2/p' | sed '/ __gnu_lto/d' > conftest.nm
configure:6012: gcc -o conftest -g -O2   conftest.c conftstm.o >&5
configure:6015: $? = 0
configure:6053: result: ok
configure:6100: checking for sysroot
configure:6130: result: no
configure:6137: checking for a working dd
configure:6175: result: /usr/bin/dd
configure:6179: checking how to truncate binary pipes
configure:6194: result: /usr/bin/dd bs=4096 count=1
configure:6330: gcc -c -g -O2  conftest.c >&5
configure:6333: $? = 0
configure:6523: checking for mt
configure:6539: found /usr/bin/mt
configure:6550: result: mt
configure:6573: checking if mt is a manifest tool
configure:6579: mt '-?'
configure:6587: result: no
configure:7264: checking how to run the C preprocessor
configure:7295: gcc -E  conftest.c
configure:7295: $? = 0
configure:7309: gcc -E  conftest.c
conftest.c:11:10: fatal error: ac_nonexistent.h: No such file or directory
   11 | #include <ac_nonexistent.h>
      |          ^~~~~~~~~~~~~~~~~~
compilation terminated.
configure:7309: $? = 1
configure: failed program was:
| /* confdefs.h */
| #define PACKAGE_NAME "jobs_infinity"
| #define PACKAGE_TARNAME "jobs_infinity"
| #define PACKAGE_VERSION "0.1"
| #define PACKAGE_STRING "jobs_infinity 0.1"
| #define PACKAGE_BUGREPORT ""
| #define PACKAGE_URL ""
| #define PACKAGE "jobs_infinity"
| #define VERSION "0.1"
| /* end confdefs.h.  */
| #include <ac_nonexistent.h>
configure:7334: result: gcc -E
configure:7354: gcc -E  conftest.c
configure:7354: $? = 0
configure:7368: gcc -E  conftest.c
conftest.c:11:10: fatal error: ac_nonexistent.h: No such file or directory
   11 | #include <ac_nonexistent.h>
      |          ^~~~~~~~~~~~~~~~~~
compilation terminated.
configure:7368: $? = 1
configure: failed program was:
| /* confdefs.h */
| #define PACKAGE_NAME "jobs_infinity"
| #define PACKAGE_TARNAME "jobs_infinity"
| #define PACKAGE_VERSION "0.1"
| #define PACKAGE_STRING "jobs_infinity 0.1"
| #define PACKAGE_BUGREPORT ""
| #define PACKAGE_URL ""
| #define PACKAGE "jobs_infinity"
| #define VERSION "0.1"
| /* end confdefs.h.  */
| #include <ac_nonexistent.h>
configure:7397: checking for ANSI C header files
configure:7417: gcc -c -g -O2  conftest.c >&5
configure:7417: $? = 0
configure:7490: gcc -o conftest -g -O2   conftest.c  >&5
configure:7490: $? = 0
configure:7490: ./conftest
configure:7490: $? = 0
configure:7501: result: yes
configure:7514: checking for sys/types.h
configure:7514: gcc -c -g -O2  conftest.c >&5
configure:7514: $? = 0
configure:7514: result: yes
configure:7514: checking for sys/stat.h
configure:7514: gcc -c -g -O2  conftest.c >&5
configure:7514: $? = 0
configure:7514: result: yes
configure:7514: checking for stdlib.h
configure:7514: gcc -c -g -O2  conftest.c >&5
configure:7514: $? = 0
configure:7514: result: yes
configure:7514: checking for string.h
configure:7514: gcc -c -g -O2  conftest.c >&5
configure:7514: $? = 0
configure:7514: result: yes
configure:7514: checking for memory.h
configure:7514: gcc -c -g -O2  conftest.c >&5
configure:7514: $? = 0
configure:7514: result: yes
configure:7514: checking for strings.h
configure:7514: gcc -c -g -O2  conftest.c >&5
configure:7514: $? = 0
configure:7514: result: yes
configure:7514: checking for inttypes.h
configure:7514: gcc -c -g -O2  conftest.c >&5
configure:7514: $? = 0
configure:7514: result: yes
configure:7514: checking for stdint.h
configure:7514: gcc -c -g -O2  conftest.c >&5
configure:7514: $? = 0
configure:7514: result: yes
configure:7514: checking for unistd.h
configure:7514: gcc -c -g -O2  conftest.c >&5
configure:7514: $? = 0
configure:7514: result: yes
configure:7528: checking for dlfcn.h
configure:7528: gcc -c -g -O2  conftest.c >&5
configure:7528: $? = 0
configure:7528: result: yes
configure:7784: checking for objdir
configure:7799: result: .libs
configure:8059: checking if gcc supports -fno-rtti -fno-exceptions
configure:8077: gcc -c -g -O2  -fno-rtti -fno-exceptions conftest.c >&5
cc1: warning: command line option '-fno-rtti' is valid for C++/D/ObjC++ but not for C
configure:8081: $? = 0
configure:8094: result: no
configure:8458: checking for gcc option to produce PIC
configure:8465: result: -fPIC -DPIC
configure:8473: checking if gcc PIC flag -fPIC -DPIC works
configure:8491: gcc -c -g -O2  -fPIC -DPIC -DPIC conftest.c >&5
configure:8495: $? = 0
configure:8508: result: yes
configure:8537: checking if gcc static flag -static works
configure:8565: result: yes
configure:8580: checking if gcc supports -c -o file.o
configure:8601: gcc -c -g -O2  -o out/conftest2.o conftest.c >&5
configure:8605: $? = 0
configure:8627: result: yes
configure:8635: checking if gcc supports -c -o file.o
configure:8682: result: yes
configure:8715: checking whether the gcc linker (/usr/bin/ld -m elf_x86_64) supports shared libraries
configure:9978: result: yes
configure:10015: checking whether -lc should be explicitly linked in
configure:10023: gcc -c -g -O2  conftest.c >&5
configure:10026: $? = 0
configure:10041: gcc -shared  -fPIC -DPIC conftest.o  -v -Wl,-soname -Wl,conftest -o conftest 2\>\&1 \| /usr/bin/grep  -lc  \>/dev/null 2\>\&1
configure:10044: $? = 0
configure:10058: result: no
configure:10218: checking dynamic linker characteristics
configure:10799: gcc -o conftest -g -O2   -Wl,-rpath -Wl,/foo conftest.c  >&5
configure:10799: $? = 0
configure:11048: result: GNU/Linux ld.so
configure:11170: checking how to hardcode library paths into programs
configure:11195: result: immediate
configure:11743: checking whether stripping libraries is possible
configure:11748: result: yes
configure:11783: checking if libtool supports shared libraries
configure:11785: result: yes
configure:11788: checking whether to build shared libraries
configure:11813: result: yes
configure:11816: checking whether to build static libraries
configure:11820: result: yes
configure:8737: checking that generated files are newer than configure
configure:8743: result: done
configure:8766: creating ./config.status

## ---------------------- ##
## Running config.status. ##
## ---------------------- ##

This file was extended by jobs_infinity config.status 0.1, which was
generated by GNU Autoconf 2.69.  Invocation command line was

  CONFIG_FILES    = 
  CONFIG_HEADERS  = 
  CONFIG_LINKS    = 
  CONFIG_COMMANDS = 
  $ ./config.status 

on denis-Inspiron-15-3567

config.status:1068: error: cannot find input file: `Makefile.in'

## ---------------- ##
## Cache variables. ##
## ---------------- ##

ac_cv_build=x86_64-pc-linux-gnu
ac_cv_c_compiler_gnu=yes
ac_cv_env_CC_set=
ac_cv_env_CC_value=
ac_cv_env_CFLAGS_set=
ac_cv_env_CFLAGS_value=
ac_cv_env_CPPFLAGS_set=
ac_cv_env_CPPFLAGS_value=
ac_cv_env_CPP_set=
ac_cv_env_CPP_value=
ac_cv_env_LDFLAGS_set=
ac_cv_env_LDFLAGS_value=
ac_cv_env_LIBS_set=
ac_cv_env_LIBS_value=
ac_cv_env_LT_SYS_LIBRARY_PATH_set=
ac_cv_env_LT_SYS_LIBRARY_PATH_value=
ac_cv_env_build_alias_set=
ac_cv_env_build_alias_value=
ac_cv_env_host_alias_set=
ac_cv_env_host_alias_value=
ac_cv_env_target_alias_set=
ac_cv_env_target_alias_value=
ac_cv_header_dlfcn_h=yes
ac_cv_header_inttypes_h=yes
ac_cv_header_memory_h=yes
ac_cv_header_stdc=yes
ac_cv_header_stdint_h=yes
ac_cv_header_stdlib_h=yes
ac_cv_header_string_h=yes
ac_cv_header_strings_h=yes
ac_cv_header_sys_stat_h=yes
ac_cv_header_sys_types_h=yes
ac_cv_header_unistd_h=yes
ac_cv_host=x86_64-pc-linux-gnu
ac_cv_objext=o
ac_cv_path_EGREP='/usr/bin/grep -E'
ac_cv_path_FGREP='/usr/bin/grep -F'
ac_cv_path_GREP=/usr/bin/grep
ac_cv_path_SED=/usr/bin/sed
ac_cv_path_install='/usr/bin/install -c'
ac_cv_path_lt_DD=/usr/bin/dd
ac_cv_path_mkdir=/usr/bin/mkdir
ac_cv_prog_AWK=mawk
ac_cv_prog_CPP='gcc -E'
ac_cv_prog_ac_ct_AR=ar
ac_cv_prog_ac_ct_CC=gcc
ac_cv_prog_ac_ct_MANIFEST_TOOL=mt
ac_cv_prog_ac_ct_OBJDUMP=objdump
ac_cv_prog_ac_ct_RANLIB=ranlib
ac_cv_prog_ac_ct_STRIP=strip
ac_cv_prog_cc_c89=
ac_cv_prog_cc_g=yes
ac_cv_prog_make_make_set=yes
am_cv_CC_dependencies_compiler_type=none
am_cv_make_support_nested_variables=yes
am_cv_prog_cc_c_o=yes
lt_cv_ar_at_file=@
lt_cv_archive_cmds_need_lc=no
lt_cv_deplibs_check_method=pass_all
lt_cv_file_magic_cmd='$MAGIC_CMD'
lt_cv_file_magic_test_file=
lt_cv_ld_reload_flag=-r
lt_cv_nm_interface='BSD nm'
lt_cv_objdir=.libs
lt_cv_path_LD=/usr/bin/ld
lt_cv_path_NM='/usr/bin/nm -B'
lt_cv_path_mainfest_tool=no
lt_cv_prog_compiler_c_o=yes
lt_cv_prog_compiler_pic='-fPIC -DPIC'
lt_cv_prog_compiler_pic_works=yes
lt_cv_prog_compiler_rtti_exceptions=no
lt_cv_prog_compiler_static_works=yes
lt_cv_prog_gnu_ld=yes
lt_cv_sharedlib_from_linklib_cmd='printf %s\n'
lt_cv_shlibpath_overrides_runpath=yes
lt_cv_sys_global_symbol_pipe='sed -n -e '\''s/^.*[	 ]\([ABCDGIRSTW][ABCDGIRSTW]*\)[	 ][	 ]*\([_A-Za-z][_A-Za-z0-9]*\)$/\1 \2 \2/p'\'' | sed '\''/ __gnu_lto/d'\'''
lt_cv_sys_global_symbol_to_c_name_address='sed -n -e '\''s/^: \(.*\) .*$/  {"\1", (void *) 0},/p'\'' -e '\''s/^[ABCDGIRSTW][ABCDGIRSTW]* .* \(.*\)$/  {"\1", (void *) \&\1},/p'\'''
lt_cv_sys_global_symbol_to_c_name_address_lib_prefix='sed -n -e '\''s/^: \(.*\) .*$/  {"\1", (void *) 0},/p'\'' -e '\''s/^[ABCDGIRSTW][ABCDGIRSTW]* .* \(lib.*\)$/  {"\1", (void *) \&\1},/p'\'' -e '\''s/^[ABCDGIRSTW][ABCDGIRSTW]* .* \(.*\)$/  {"lib\1", (void *) \&\1},/p'\'''
lt_cv_sys_global_symbol_to_cdecl='sed -n -e '\''s/^T .* \(.*\)$/extern int \1();/p'\'' -e '\''s/^[ABCDGIRSTW][ABCDGIRSTW]* .* \(.*\)$/extern char \1;/p'\'''
lt_cv_sys_global_symbol_to_import=
lt_cv_sys_max_cmd_len=1572864
lt_cv_to_host_file_cmd=func_convert_file_noop
lt_cv_to_tool_file_cmd=func_convert_file_noop
lt_cv_truncate_bin='/usr/bin/dd bs=4096 count=1'

## ----------------- ##
## Output variables. ##
## ----------------- ##

ACLOCAL='${SHELL} /home/denis/AnjutaProject/jobs/missing aclocal-1.16'
AMDEPBACKSLASH='\'
AMDEP_FALSE='#'
AMDEP_TRUE=''
AMTAR='$${TAR-tar}'
AM_BACKSLASH='\'
AM_DEFAULT_V='$(AM_DEFAULT_VERBOSITY)'
AM_DEFAULT_VERBOSITY='0'
AM_V='$(V)'
AR='ar'
AUTOCONF='${SHELL} /home/denis/AnjutaProject/jobs/missing autoconf'
AUTOHEADER='${SHELL} /home/denis/AnjutaProject/jobs/missing autoheader'
AUTOMAKE='${SHELL} /home/denis/AnjutaProject/jobs/missing automake-1.16'
AWK='mawk'
CC='gcc'
CCDEPMODE='depmode=none'
CFLAGS='-g -O2'
CPP='gcc -E'
CPPFLAGS=''
CYGPATH_W='echo'
DEFS='-DHAVE_CONFIG_H'
DEPDIR='.deps'
DLLTOOL='false'
DSYMUTIL=''
DUMPBIN=''
ECHO_C=''
ECHO_N='-n'
ECHO_T=''
EGREP='/usr/bin/grep -E'
EXEEXT=''
FGREP='/usr/bin/grep -F'
GREP='/usr/bin/grep'
INSTALL_DATA='${INSTALL} -m 644'
INSTALL_PROGRAM='${INSTALL}'
INSTALL_SCRIPT='${INSTALL}'
INSTALL_STRIP_PROGRAM='$(install_sh) -c -s'
LD='/usr/bin/ld -m elf_x86_64'
LDFLAGS=''
LIBOBJS=''
LIBS=''
LIBTOOL='$(SHELL) $(top_builddir)/libtool'
LIPO=''
LN_S='ln -s'
LTLIBOBJS=''
LT_SYS_LIBRARY_PATH=''
MAKEINFO='${SHELL} /home/denis/AnjutaProject/jobs/missing makeinfo'
MANIFEST_TOOL=':'
MKDIR_P='/usr/bin/mkdir -p'
NM='/usr/bin/nm -B'
NMEDIT=''
OBJDUMP='objdump'
OBJEXT='o'
OTOOL64=''
OTOOL=''
PACKAGE='jobs_infinity'
PACKAGE_BUGREPORT=''
PACKAGE_NAME='jobs_infinity'
PACKAGE_STRING='jobs_infinity 0.1'
PACKAGE_TARNAME='jobs_infinity'
PACKAGE_URL=''
PACKAGE_VERSION='0.1'
PATH_SEPARATOR=':'
RANLIB='ranlib'
SED='/usr/bin/sed'
SET_MAKE=''
SHELL='/bin/bash'
STRIP='strip'
VERSION='0.1'
ac_ct_AR='ar'
ac_ct_CC='gcc'
ac_ct_DUMPBIN=''
am__EXEEXT_FALSE=''
am__EXEEXT_TRUE='#'
am__fastdepCC_FALSE=''
am__fastdepCC_TRUE='#'
am__include='include'
am__isrc=''
am__leading_dot='.'
am__nodep='_no'
am__quote=''
am__tar='$${TAR-tar} chof - "$$tardir"'
am__untar='$${TAR-tar} xf -'
bindir='${exec_prefix}/bin'
build='x86_64-pc-linux-gnu'
build_alias=''
build_cpu='x86_64'
build_os='linux-gnu'
build_vendor='pc'
datadir='${datarootdir}'
datarootdir='${prefix}/share'
docdir='${datarootdir}/doc/${PACKAGE_TARNAME}'
dvidir='${docdir}'
exec_prefix='${prefix}'
host='x86_64-pc-linux-gnu'
host_alias=''
host_cpu='x86_64'
host_os='linux-gnu'
host_vendor='pc'
htmldir='${docdir}'
includedir='${prefix}/include'
infodir='${datarootdir}/info'
install_sh='${SHELL} /home/denis/AnjutaProject/jobs/install-sh'
libdir='${exec_prefix}/lib'
libexecdir='${exec_prefix}/libexec'
localedir='${datarootdir}/locale'
localstatedir='${prefix}/var'
mandir='${datarootdir}/man'
mkdir_p='$(MKDIR_P)'
oldincludedir='/usr/include'
pdfdir='${docdir}'
prefix='/home/denis/.local/share/gnome-shell/extensions'
program_transform_name='s,x,x,'
psdir='${docdir}'
runstatedir='${localstatedir}/run'
sbindir='${exec_prefix}/sbin'
sharedstatedir='${prefix}/com'
sysconfdir='${prefix}/etc'
target_alias=''

## ----------- ##
## confdefs.h. ##
## ----------- ##

/* confdefs.h */
#define PACKAGE_NAME "jobs_infinity"
#define PACKAGE_TARNAME "jobs_infinity"
#define PACKAGE_VERSION "0.1"
#define PACKAGE_STRING "jobs_infinity 0.1"
#define PACKAGE_BUGREPORT ""
#define PACKAGE_URL ""
#define PACKAGE "jobs_infinity"
#define VERSION "0.1"
#define STDC_HEADERS 1
#define HAVE_SYS_TYPES_H 1
#define HAVE_SYS_STAT_H 1
#define HAVE_STDLIB_H 1
#define HAVE_STRING_H 1
#define HAVE_MEMORY_H 1
#define HAVE_STRINGS_H 1
#define HAVE_INTTYPES_H 1
#define HAVE_STDINT_H 1
#define HAVE_UNISTD_H 1
#define HAVE_DLFCN_H 1
#define LT_OBJDIR ".libs/"

configure: exit 1
